<?xml version="1.0" encoding="UTF-8"?>
<testng-results skipped="0" failed="0" total="1" passed="1">
  <reporter-output>
  </reporter-output>
  <suite name="Default suite" duration-ms="38293" started-at="2020-10-01T10:22:25Z" finished-at="2020-10-01T10:23:03Z">
    <groups>
    </groups>
    <test name="Default test" duration-ms="38293" started-at="2020-10-01T10:22:25Z" finished-at="2020-10-01T10:23:03Z">
      <class name="com.asstp.testcases.LoginpageTest">
        <test-method status="PASS" signature="setup()[pri:0, instance:com.asstp.testcases.LoginpageTest@6e3c1e69]" name="setup" is-config="true" duration-ms="27523" started-at="2020-10-01T15:52:25Z" finished-at="2020-10-01T15:52:52Z">
          <reporter-output>
          </reporter-output>
        </test-method> <!-- setup -->
        <test-method status="PASS" signature="logintest()[pri:0, instance:com.asstp.testcases.LoginpageTest@6e3c1e69]" name="logintest" duration-ms="9997" started-at="2020-10-01T15:52:52Z" finished-at="2020-10-01T15:53:02Z">
          <reporter-output>
          </reporter-output>
        </test-method> <!-- logintest -->
        <test-method status="PASS" signature="teardown()[pri:0, instance:com.asstp.testcases.LoginpageTest@6e3c1e69]" name="teardown" is-config="true" duration-ms="753" started-at="2020-10-01T15:53:02Z" finished-at="2020-10-01T15:53:03Z">
          <reporter-output>
          </reporter-output>
        </test-method> <!-- teardown -->
      </class> <!-- com.asstp.testcases.LoginpageTest -->
    </test> <!-- Default test -->
  </suite> <!-- Default suite -->
</testng-results>
